30-Mar-2021 00:17:56.526 INFO [main] org.apache.catalina.core.ApplicationContext.log ContextListener: contextInitialized()
30-Mar-2021 00:17:56.527 INFO [main] org.apache.catalina.core.ApplicationContext.log SessionListener: contextInitialized()
30-Mar-2021 00:17:56.529 INFO [main] org.apache.catalina.core.ApplicationContext.log ContextListener: attributeAdded('StockTicker', 'async.Stockticker@f381794')
30-Mar-2021 00:25:05.200 INFO [main] org.apache.catalina.core.ApplicationContext.log SessionListener: contextDestroyed()
30-Mar-2021 00:25:05.200 INFO [main] org.apache.catalina.core.ApplicationContext.log ContextListener: contextDestroyed()
30-Mar-2021 00:25:08.159 INFO [main] org.apache.catalina.core.ApplicationContext.log ContextListener: contextInitialized()
30-Mar-2021 00:25:08.159 INFO [main] org.apache.catalina.core.ApplicationContext.log SessionListener: contextInitialized()
30-Mar-2021 00:25:08.160 INFO [main] org.apache.catalina.core.ApplicationContext.log ContextListener: attributeAdded('StockTicker', 'async.Stockticker@4ef37659')
30-Mar-2021 00:33:55.855 INFO [main] org.apache.catalina.core.ApplicationContext.log SessionListener: contextDestroyed()
30-Mar-2021 00:33:55.855 INFO [main] org.apache.catalina.core.ApplicationContext.log ContextListener: contextDestroyed()
30-Mar-2021 00:36:05.507 INFO [main] org.apache.catalina.core.ApplicationContext.log ContextListener: contextInitialized()
30-Mar-2021 00:36:05.508 INFO [main] org.apache.catalina.core.ApplicationContext.log SessionListener: contextInitialized()
30-Mar-2021 00:36:05.509 INFO [main] org.apache.catalina.core.ApplicationContext.log ContextListener: attributeAdded('StockTicker', 'async.Stockticker@4ef37659')
30-Mar-2021 00:39:12.761 INFO [main] org.apache.catalina.core.ApplicationContext.log SessionListener: contextDestroyed()
30-Mar-2021 00:39:12.761 INFO [main] org.apache.catalina.core.ApplicationContext.log ContextListener: contextDestroyed()
30-Mar-2021 00:40:49.844 INFO [main] org.apache.catalina.core.ApplicationContext.log ContextListener: contextInitialized()
30-Mar-2021 00:40:49.844 INFO [main] org.apache.catalina.core.ApplicationContext.log SessionListener: contextInitialized()
30-Mar-2021 00:40:49.845 INFO [main] org.apache.catalina.core.ApplicationContext.log ContextListener: attributeAdded('StockTicker', 'async.Stockticker@61d6015a')
30-Mar-2021 00:41:06.438 INFO [main] org.apache.catalina.core.ApplicationContext.log ContextListener: contextInitialized()
30-Mar-2021 00:41:06.439 INFO [main] org.apache.catalina.core.ApplicationContext.log SessionListener: contextInitialized()
30-Mar-2021 00:41:06.440 INFO [main] org.apache.catalina.core.ApplicationContext.log ContextListener: attributeAdded('StockTicker', 'async.Stockticker@152aa092')
30-Mar-2021 00:41:06.537 INFO [main] org.apache.catalina.core.ApplicationContext.log SessionListener: contextDestroyed()
30-Mar-2021 00:41:06.537 INFO [main] org.apache.catalina.core.ApplicationContext.log ContextListener: contextDestroyed()
30-Mar-2021 00:41:14.581 INFO [main] org.apache.catalina.core.ApplicationContext.log SessionListener: contextDestroyed()
30-Mar-2021 00:41:14.581 INFO [main] org.apache.catalina.core.ApplicationContext.log ContextListener: contextDestroyed()
30-Mar-2021 00:41:18.657 INFO [main] org.apache.catalina.core.ApplicationContext.log ContextListener: contextInitialized()
30-Mar-2021 00:41:18.657 INFO [main] org.apache.catalina.core.ApplicationContext.log SessionListener: contextInitialized()
30-Mar-2021 00:41:18.658 INFO [main] org.apache.catalina.core.ApplicationContext.log ContextListener: attributeAdded('StockTicker', 'async.Stockticker@44a7bfbc')
30-Mar-2021 00:43:35.777 INFO [main] org.apache.catalina.core.ApplicationContext.log SessionListener: contextDestroyed()
30-Mar-2021 00:43:35.777 INFO [main] org.apache.catalina.core.ApplicationContext.log ContextListener: contextDestroyed()
30-Mar-2021 00:48:49.088 INFO [main] org.apache.catalina.core.ApplicationContext.log ContextListener: contextInitialized()
30-Mar-2021 00:48:49.088 INFO [main] org.apache.catalina.core.ApplicationContext.log SessionListener: contextInitialized()
30-Mar-2021 00:48:49.089 INFO [main] org.apache.catalina.core.ApplicationContext.log ContextListener: attributeAdded('StockTicker', 'async.Stockticker@4ef37659')
30-Mar-2021 00:54:07.464 INFO [main] org.apache.catalina.core.ApplicationContext.log SessionListener: contextDestroyed()
30-Mar-2021 00:54:07.464 INFO [main] org.apache.catalina.core.ApplicationContext.log ContextListener: contextDestroyed()
30-Mar-2021 00:56:12.580 INFO [main] org.apache.catalina.core.ApplicationContext.log ContextListener: contextInitialized()
30-Mar-2021 00:56:12.580 INFO [main] org.apache.catalina.core.ApplicationContext.log SessionListener: contextInitialized()
30-Mar-2021 00:56:12.586 INFO [main] org.apache.catalina.core.ApplicationContext.log ContextListener: attributeAdded('StockTicker', 'async.Stockticker@44a7bfbc')
30-Mar-2021 01:01:58.037 INFO [main] org.apache.catalina.core.ApplicationContext.log SessionListener: contextDestroyed()
30-Mar-2021 01:01:58.037 INFO [main] org.apache.catalina.core.ApplicationContext.log ContextListener: contextDestroyed()
30-Mar-2021 01:04:10.030 INFO [main] org.apache.catalina.core.ApplicationContext.log ContextListener: contextInitialized()
30-Mar-2021 01:04:10.031 INFO [main] org.apache.catalina.core.ApplicationContext.log SessionListener: contextInitialized()
30-Mar-2021 01:04:10.032 INFO [main] org.apache.catalina.core.ApplicationContext.log ContextListener: attributeAdded('StockTicker', 'async.Stockticker@2525ff7e')
30-Mar-2021 01:05:01.142 INFO [main] org.apache.catalina.core.ApplicationContext.log SessionListener: contextDestroyed()
30-Mar-2021 01:05:01.142 INFO [main] org.apache.catalina.core.ApplicationContext.log ContextListener: contextDestroyed()
30-Mar-2021 01:29:47.109 INFO [main] org.apache.catalina.core.ApplicationContext.log ContextListener: contextInitialized()
30-Mar-2021 01:29:47.109 INFO [main] org.apache.catalina.core.ApplicationContext.log SessionListener: contextInitialized()
30-Mar-2021 01:29:47.110 INFO [main] org.apache.catalina.core.ApplicationContext.log ContextListener: attributeAdded('StockTicker', 'async.Stockticker@4ef37659')
30-Mar-2021 01:30:04.659 INFO [main] org.apache.catalina.core.ApplicationContext.log SessionListener: contextDestroyed()
30-Mar-2021 01:30:04.659 INFO [main] org.apache.catalina.core.ApplicationContext.log ContextListener: contextDestroyed()
30-Mar-2021 01:30:09.854 INFO [main] org.apache.catalina.core.ApplicationContext.log ContextListener: contextInitialized()
30-Mar-2021 01:30:09.854 INFO [main] org.apache.catalina.core.ApplicationContext.log SessionListener: contextInitialized()
30-Mar-2021 01:30:09.855 INFO [main] org.apache.catalina.core.ApplicationContext.log ContextListener: attributeAdded('StockTicker', 'async.Stockticker@44a7bfbc')
30-Mar-2021 01:34:01.657 INFO [main] org.apache.catalina.core.ApplicationContext.log SessionListener: contextDestroyed()
30-Mar-2021 01:34:01.657 INFO [main] org.apache.catalina.core.ApplicationContext.log ContextListener: contextDestroyed()
30-Mar-2021 01:34:09.913 INFO [main] org.apache.catalina.core.ApplicationContext.log ContextListener: contextInitialized()
30-Mar-2021 01:34:09.913 INFO [main] org.apache.catalina.core.ApplicationContext.log SessionListener: contextInitialized()
30-Mar-2021 01:34:09.915 INFO [main] org.apache.catalina.core.ApplicationContext.log ContextListener: attributeAdded('StockTicker', 'async.Stockticker@4ef37659')
30-Mar-2021 01:34:33.186 INFO [main] org.apache.catalina.core.ApplicationContext.log SessionListener: contextDestroyed()
30-Mar-2021 01:34:33.187 INFO [main] org.apache.catalina.core.ApplicationContext.log ContextListener: contextDestroyed()
30-Mar-2021 01:34:45.246 INFO [main] org.apache.catalina.core.ApplicationContext.log ContextListener: contextInitialized()
30-Mar-2021 01:34:45.246 INFO [main] org.apache.catalina.core.ApplicationContext.log SessionListener: contextInitialized()
30-Mar-2021 01:34:45.249 INFO [main] org.apache.catalina.core.ApplicationContext.log ContextListener: attributeAdded('StockTicker', 'async.Stockticker@4ef37659')
